<?xml version="1.0" encoding="UTF-8"?>
<!-- Generated by org.testng.reporters.JUnitXMLReporter -->
<testsuite hostname="Архор-ПК" ignored="1" name="Default test" tests="3" failures="0" timestamp="06 сен 2018 19:25:36 GMT" time="0.295" errors="0">
  <testcase name="buildSetMedicinsNegativeTest" time="0.241" classname="test.by.epam.task4.service.parsing.MedicinsAbstractBuilderTest"/>
  <testcase name="buildSetMedicinsNegativeTest" time="0.009" classname="test.by.epam.task4.service.parsing.MedicinsAbstractBuilderTest"/>
  <testcase name="buildSetMedicinsNegativeTest" time="0.01" classname="test.by.epam.task4.service.parsing.MedicinsAbstractBuilderTest"/>
  <testcase name="buildSetMedicinsPositiveTest" time="0.0" classname="test.by.epam.task4.service.parsing.MedicinsAbstractBuilderTest">
    <ignored/>
  </testcase> <!-- buildSetMedicinsPositiveTest -->
</testsuite> <!-- Default test -->
